<?xml version="1.0" encoding="UTF-8"?>
<testng-results ignored="0" total="1" passed="1" failed="0" skipped="0">
  <reporter-output>
  </reporter-output>
  <suite started-at="2025-07-20T10:08:08 IST" name="Suite" finished-at="2025-07-20T10:08:18 IST" duration-ms="9100">
    <groups>
    </groups>
    <test started-at="2025-07-20T10:08:08 IST" name="Test" finished-at="2025-07-20T10:08:18 IST" duration-ms="9100">
      <class name="Com_Luma_Test_Cases.TC_01_Registration_Page">
        <test-method is-config="true" signature="OpenApplication(java.lang.String,java.lang.String)[pri:0, instance:Com_Luma_Test_Cases.TC_01_Registration_Page@909217e]" started-at="2025-07-20T10:08:01 IST" name="OpenApplication" finished-at="2025-07-20T10:08:08 IST" duration-ms="7764" status="PASS">
          <params>
            <param index="0">
              <value>
                <![CDATA[Chrome]]>
              </value>
            </param>
            <param index="1">
              <value>
                <![CDATA[https://magento.softwaretestingboard.com/]]>
              </value>
            </param>
          </params>
          <reporter-output>
          </reporter-output>
        </test-method> <!-- OpenApplication -->
        <test-method signature="RegistrationPage()[pri:0, instance:Com_Luma_Test_Cases.TC_01_Registration_Page@909217e]" started-at="2025-07-20T10:08:09 IST" name="RegistrationPage" finished-at="2025-07-20T10:08:17 IST" duration-ms="8466" status="PASS">
          <reporter-output>
          </reporter-output>
        </test-method> <!-- RegistrationPage -->
        <test-method is-config="true" signature="ColsingApplication()[pri:0, instance:Com_Luma_Test_Cases.TC_01_Registration_Page@909217e]" started-at="2025-07-20T10:08:18 IST" name="ColsingApplication" finished-at="2025-07-20T10:08:19 IST" duration-ms="274" status="PASS">
          <reporter-output>
          </reporter-output>
        </test-method> <!-- ColsingApplication -->
      </class> <!-- Com_Luma_Test_Cases.TC_01_Registration_Page -->
    </test> <!-- Test -->
  </suite> <!-- Suite -->
</testng-results>
